# JRE version: OpenJDK Runtime Environment (8.0_76-b03) (build 1.8.0_76-release-b03)
# Java VM: OpenJDK 64-Bit Server VM (25.76-b03 mixed mode windows-amd64 compressed oops)
Heap:
 PSYoungGen      total 238592K, used 108076K [0x00000000e0000000, 0x00000000f4d00000, 0x0000000100000000)
  eden space 216576K, 41% used [0x00000000e0000000,0x00000000e58686c0,0x00000000ed380000)
  from space 22016K, 79% used [0x00000000ed380000,0x00000000ee4a2d18,0x00000000ee900000)
  to   space 23552K, 0% used [0x00000000f3600000,0x00000000f3600000,0x00000000f4d00000)
 ParOldGen       total 142848K, used 42224K [0x00000000a0000000, 0x00000000a8b80000, 0x00000000e0000000)
  object space 142848K, 29% used [0x00000000a0000000,0x00000000a293c180,0x00000000a8b80000)
 Metaspace       used 61845K, capacity 63734K, committed 63872K, reserved 1103872K
  class space    used 8062K, capacity 8472K, committed 8576K, reserved 1048576K
GC Heap History (10 events):
Event: 60.247 GC heap before
{Heap before GC invocations=16 (full 2):
 PSYoungGen      total 155136K, used 155119K [0x00000000e0000000, 0x00000000ed680000, 0x0000000100000000)
  eden space 141824K, 100% used [0x00000000e0000000,0x00000000e8a80000,0x00000000e8a80000)
  from space 13312K, 99% used [0x00000000e8a80000,0x00000000e977bef8,0x00000000e9780000)
  to   space 18432K, 0% used [0x00000000ec480000,0x00000000ec480000,0x00000000ed680000)
 ParOldGen       total 89088K, used 33039K [0x00000000a0000000, 0x00000000a5700000, 0x00000000e0000000)
  object space 89088K, 37% used [0x00000000a0000000,0x00000000a2043ec8,0x00000000a5700000)
 Metaspace       used 56167K, capacity 57808K, committed 58112K, reserved 1099776K
  class space    used 7465K, capacity 7851K, committed 7936K, reserved 1048576K
Event: 60.287 GC heap after
Heap after GC invocations=16 (full 2):
 PSYoungGen      total 195072K, used 5389K [0x00000000e0000000, 0x00000000ed380000, 0x0000000100000000)
  eden space 179712K, 0% used [0x00000000e0000000,0x00000000e0000000,0x00000000eaf80000)
  from space 15360K, 35% used [0x00000000ec480000,0x00000000ec9c37b0,0x00000000ed380000)
  to   space 18432K, 0% used [0x00000000eaf80000,0x00000000eaf80000,0x00000000ec180000)
 ParOldGen       total 89088K, used 38468K [0x00000000a0000000, 0x00000000a5700000, 0x00000000e0000000)
  object space 89088K, 43% used [0x00000000a0000000,0x00000000a2591008,0x00000000a5700000)
 Metaspace       used 56167K, capacity 57808K, committed 58112K, reserved 1099776K
  class space    used 7465K, capacity 7851K, committed 7936K, reserved 1048576K
}
Event: 62.443 GC heap before
{Heap before GC invocations=17 (full 2):
 PSYoungGen      total 195072K, used 12238K [0x00000000e0000000, 0x00000000ed380000, 0x0000000100000000)
  eden space 179712K, 3% used [0x00000000e0000000,0x00000000e06b0068,0x00000000eaf80000)
  from space 15360K, 35% used [0x00000000ec480000,0x00000000ec9c37b0,0x00000000ed380000)
  to   space 18432K, 0% used [0x00000000eaf80000,0x00000000eaf80000,0x00000000ec180000)
 ParOldGen       total 89088K, used 38468K [0x00000000a0000000, 0x00000000a5700000, 0x00000000e0000000)
  object space 89088K, 43% used [0x00000000a0000000,0x00000000a2591008,0x00000000a5700000)
 Metaspace       used 57512K, capacity 59056K, committed 59160K, reserved 1099776K
  class space    used 7637K, capacity 8011K, committed 8064K, reserved 1048576K
Event: 62.450 GC heap after
Heap after GC invocations=17 (full 2):
 PSYoungGen      total 198144K, used 4576K [0x00000000e0000000, 0x00000000efd80000, 0x0000000100000000)
  eden space 179712K, 0% used [0x00000000e0000000,0x00000000e0000000,0x00000000eaf80000)
  from space 18432K, 24% used [0x00000000eaf80000,0x00000000eb3f8050,0x00000000ec180000)
  to   space 17920K, 0% used [0x00000000eec00000,0x00000000eec00000,0x00000000efd80000)
 ParOldGen       total 89088K, used 38476K [0x00000000a0000000, 0x00000000a5700000, 0x00000000e0000000)
  object space 89088K, 43% used [0x00000000a0000000,0x00000000a2593008,0x00000000a5700000)
 Metaspace       used 57512K, capacity 59056K, committed 59160K, reserved 1099776K
  class space    used 7637K, capacity 8011K, committed 8064K, reserved 1048576K
}
Event: 62.450 GC heap before
{Heap before GC invocations=18 (full 3):
 PSYoungGen      total 198144K, used 4576K [0x00000000e0000000, 0x00000000efd80000, 0x0000000100000000)
  eden space 179712K, 0% used [0x00000000e0000000,0x00000000e0000000,0x00000000eaf80000)
  from space 18432K, 24% used [0x00000000eaf80000,0x00000000eb3f8050,0x00000000ec180000)
  to   space 17920K, 0% used [0x00000000eec00000,0x00000000eec00000,0x00000000efd80000)
 ParOldGen       total 89088K, used 38476K [0x00000000a0000000, 0x00000000a5700000, 0x00000000e0000000)
  object space 89088K, 43% used [0x00000000a0000000,0x00000000a2593008,0x00000000a5700000)
 Metaspace       used 57512K, capacity 59056K, committed 59160K, reserved 1099776K
  class space    used 7637K, capacity 8011K, committed 8064K, reserved 1048576K
Event: 62.966 GC heap after
Heap after GC invocations=18 (full 3):
 PSYoungGen      total 198144K, used 0K [0x00000000e0000000, 0x00000000efd80000, 0x0000000100000000)
  eden space 179712K, 0% used [0x00000000e0000000,0x00000000e0000000,0x00000000eaf80000)
  from space 18432K, 0% used [0x00000000eaf80000,0x00000000eaf80000,0x00000000ec180000)
  to   space 17920K, 0% used [0x00000000eec00000,0x00000000eec00000,0x00000000efd80000)
 ParOldGen       total 142848K, used 38978K [0x00000000a0000000, 0x00000000a8b80000, 0x00000000e0000000)
  object space 142848K, 27% used [0x00000000a0000000,0x00000000a2610968,0x00000000a8b80000)
 Metaspace       used 57510K, capacity 59050K, committed 59160K, reserved 1099776K
  class space    used 7637K, capacity 8010K, committed 8064K, reserved 1048576K
}
Event: 67.825 GC heap before
{Heap before GC invocations=19 (full 3):
 PSYoungGen      total 198144K, used 179507K [0x00000000e0000000, 0x00000000efd80000, 0x0000000100000000)
  eden space 179712K, 99% used [0x00000000e0000000,0x00000000eaf4cdf0,0x00000000eaf80000)
  from space 18432K, 0% used [0x00000000eaf80000,0x00000000eaf80000,0x00000000ec180000)
  to   space 17920K, 0% used [0x00000000eec00000,0x00000000eec00000,0x00000000efd80000)
 ParOldGen       total 142848K, used 38978K [0x00000000a0000000, 0x00000000a8b80000, 0x00000000e0000000)
  object space 142848K, 27% used [0x00000000a0000000,0x00000000a2610968,0x00000000a8b80000)
 Metaspace       used 60388K, capacity 62122K, committed 62336K, reserved 1103872K
  class space    used 7917K, capacity 8318K, committed 8320K, reserved 1048576K
Event: 67.847 GC heap after
Heap after GC invocations=19 (full 3):
 PSYoungGen      total 234496K, used 17902K [0x00000000e0000000, 0x00000000efe80000, 0x0000000100000000)
  eden space 216576K, 0% used [0x00000000e0000000,0x00000000e0000000,0x00000000ed380000)
  from space 17920K, 99% used [0x00000000eec00000,0x00000000efd7ba90,0x00000000efd80000)
  to   space 22016K, 0% used [0x00000000ed380000,0x00000000ed380000,0x00000000ee900000)
 ParOldGen       total 142848K, used 42216K [0x00000000a0000000, 0x00000000a8b80000, 0x00000000e0000000)
  object space 142848K, 29% used [0x00000000a0000000,0x00000000a293a180,0x00000000a8b80000)
 Metaspace       used 60388K, capacity 62122K, committed 62336K, reserved 1103872K
  class space    used 7917K, capacity 8318K, committed 8320K, reserved 1048576K
}
Event: 67.885 GC heap before
{Heap before GC invocations=20 (full 3):
 PSYoungGen      total 234496K, used 233761K [0x00000000e0000000, 0x00000000efe80000, 0x0000000100000000)
  eden space 216576K, 99% used [0x00000000e0000000,0x00000000ed2ccab8,0x00000000ed380000)
  from space 17920K, 99% used [0x00000000eec00000,0x00000000efd7ba90,0x00000000efd80000)
  to   space 22016K, 0% used [0x00000000ed380000,0x00000000ed380000,0x00000000ee900000)
 ParOldGen       total 142848K, used 42216K [0x00000000a0000000, 0x00000000a8b80000, 0x00000000e0000000)
  object space 142848K, 29% used [0x00000000a0000000,0x00000000a293a180,0x00000000a8b80000)
 Metaspace       used 60398K, capacity 62122K, committed 62336K, reserved 1103872K
  class space    used 7917K, capacity 8318K, committed 8320K, reserved 1048576K
Event: 67.902 GC heap after
Heap after GC invocations=20 (full 3):
 PSYoungGen      total 238592K, used 17547K [0x00000000e0000000, 0x00000000f4d00000, 0x0000000100000000)
  eden space 216576K, 0% used [0x00000000e0000000,0x00000000e0000000,0x00000000ed380000)
  from space 22016K, 79% used [0x00000000ed380000,0x00000000ee4a2d18,0x00000000ee900000)
  to   space 23552K, 0% used [0x00000000f3600000,0x00000000f3600000,0x00000000f4d00000)
 ParOldGen       total 142848K, used 42224K [0x00000000a0000000, 0x00000000a8b80000, 0x00000000e0000000)
  object space 142848K, 29% used [0x00000000a0000000,0x00000000a293c180,0x00000000a8b80000)
 Metaspace       used 60398K, capacity 62122K, committed 62336K, reserved 1103872K
  class space    used 7917K, capacity 8318K, committed 8320K, reserved 1048576K
}

